[debug] [2021-04-01T00:56:23.625Z] ----------------------------------------------------------------------
[debug] [2021-04-01T00:56:23.639Z] Command:       /Users/Nikki/.nvm/versions/node/v15.8.0/bin/node /Users/Nikki/.nvm/versions/node/v15.8.0/bin/firebase deploy
[debug] [2021-04-01T00:56:23.640Z] CLI Version:   9.8.0
[debug] [2021-04-01T00:56:23.640Z] Platform:      darwin
[debug] [2021-04-01T00:56:23.640Z] Node Version:  v15.8.0
[debug] [2021-04-01T00:56:23.641Z] Time:          Wed Mar 31 2021 17:56:23 GMT-0700 (Pacific Daylight Time)
[debug] [2021-04-01T00:56:23.642Z] ----------------------------------------------------------------------
[debug] 
[debug] [2021-04-01T00:56:23.658Z] > command requires scopes: ["email","openid","https://www.googleapis.com/auth/cloudplatformprojects.readonly","https://www.googleapis.com/auth/firebase","https://www.googleapis.com/auth/cloud-platform"]
[debug] [2021-04-01T00:56:23.659Z] > authorizing via signed-in user
[debug] [2021-04-01T00:56:23.660Z] [iam] checking project slack-clone-f7d82 for permissions ["firebase.projects.get","firebasehosting.sites.update"]
[debug] [2021-04-01T00:56:23.665Z] >>> HTTP REQUEST POST https://cloudresourcemanager.googleapis.com/v1/projects/slack-clone-f7d82:testIamPermissions  
 {"permissions":["firebase.projects.get","firebasehosting.sites.update"]}
[debug] [2021-04-01T00:56:23.889Z] <<< HTTP RESPONSE 200 {"content-type":"application/json; charset=UTF-8","vary":"X-Origin, Referer, Origin,Accept-Encoding","date":"Thu, 01 Apr 2021 00:56:23 GMT","server":"ESF","cache-control":"private","x-xss-protection":"0","x-frame-options":"SAMEORIGIN","x-content-type-options":"nosniff","server-timing":"gfet4t7; dur=37","alt-svc":"h3-29=\":443\"; ma=2592000,h3-T051=\":443\"; ma=2592000,h3-Q050=\":443\"; ma=2592000,h3-Q046=\":443\"; ma=2592000,h3-Q043=\":443\"; ma=2592000,quic=\":443\"; ma=2592000; v=\"46,43\"","accept-ranges":"none","transfer-encoding":"chunked"}
[debug] [2021-04-01T00:56:23.894Z] > refreshing access token with scopes: []
[debug] [2021-04-01T00:56:23.894Z] >>> HTTP REQUEST POST https://www.googleapis.com/oauth2/v3/token  
 <request body omitted>
[debug] [2021-04-01T00:56:24.044Z] <<< HTTP RESPONSE 200 {"pragma":"no-cache","cache-control":"no-cache, no-store, max-age=0, must-revalidate","date":"Thu, 01 Apr 2021 00:56:24 GMT","expires":"Mon, 01 Jan 1990 00:00:00 GMT","content-type":"application/json; charset=utf-8","vary":"X-Origin, Referer, Origin,Accept-Encoding","server":"scaffolding on HTTPServer2","x-xss-protection":"0","x-frame-options":"SAMEORIGIN","x-content-type-options":"nosniff","alt-svc":"h3-29=\":443\"; ma=2592000,h3-T051=\":443\"; ma=2592000,h3-Q050=\":443\"; ma=2592000,h3-Q046=\":443\"; ma=2592000,h3-Q043=\":443\"; ma=2592000,quic=\":443\"; ma=2592000; v=\"46,43\"","accept-ranges":"none","transfer-encoding":"chunked"}
[debug] [2021-04-01T00:56:24.073Z] >>> [apiv2][query] GET https://firebase.googleapis.com/v1beta1/projects/slack-clone-f7d82 [none]
[debug] [2021-04-01T00:56:24.224Z] <<< [apiv2][status] GET https://firebase.googleapis.com/v1beta1/projects/slack-clone-f7d82 200
[debug] [2021-04-01T00:56:24.224Z] <<< [apiv2][body] GET https://firebase.googleapis.com/v1beta1/projects/slack-clone-f7d82 {"projectId":"slack-clone-f7d82","projectNumber":"110631662692","displayName":"slack-clone","name":"projects/slack-clone-f7d82","resources":{"hostingSite":"slack-clone-f7d82","storageBucket":"slack-clone-f7d82.appspot.com","locationId":"us-west4"},"state":"ACTIVE"}
[info] 
[info] === Deploying to 'slack-clone-f7d82'...
[info] 
[info] i  deploying hosting 
[debug] [2021-04-01T00:56:24.232Z] > refreshing access token with scopes: ["email","https://www.googleapis.com/auth/cloud-platform","https://www.googleapis.com/auth/cloudplatformprojects.readonly","https://www.googleapis.com/auth/firebase","openid"]
[debug] [2021-04-01T00:56:24.233Z] >>> HTTP REQUEST POST https://www.googleapis.com/oauth2/v3/token  
 <request body omitted>
[debug] [2021-04-01T00:56:24.338Z] <<< HTTP RESPONSE 200 {"date":"Thu, 01 Apr 2021 00:56:24 GMT","cache-control":"no-cache, no-store, max-age=0, must-revalidate","pragma":"no-cache","expires":"Mon, 01 Jan 1990 00:00:00 GMT","content-type":"application/json; charset=utf-8","vary":"X-Origin, Referer, Origin,Accept-Encoding","server":"scaffolding on HTTPServer2","x-xss-protection":"0","x-frame-options":"SAMEORIGIN","x-content-type-options":"nosniff","alt-svc":"h3-29=\":443\"; ma=2592000,h3-T051=\":443\"; ma=2592000,h3-Q050=\":443\"; ma=2592000,h3-Q046=\":443\"; ma=2592000,h3-Q043=\":443\"; ma=2592000,quic=\":443\"; ma=2592000; v=\"46,43\"","accept-ranges":"none","transfer-encoding":"chunked"}
[debug] [2021-04-01T00:56:24.356Z] >>> HTTP REQUEST POST https://firebasehosting.googleapis.com/v1beta1/sites/slack-clone-f7d82/versions  
 {"config":{},"labels":{"deployment-tool":"cli-firebase"}}
[debug] [2021-04-01T00:56:25.020Z] <<< HTTP RESPONSE 200 {"content-type":"application/json; charset=UTF-8","vary":"X-Origin, Referer, Origin,Accept-Encoding","date":"Thu, 01 Apr 2021 00:56:24 GMT","server":"ESF","cache-control":"private","x-xss-protection":"0","x-frame-options":"SAMEORIGIN","x-content-type-options":"nosniff","alt-svc":"h3-29=\":443\"; ma=2592000,h3-T051=\":443\"; ma=2592000,h3-Q050=\":443\"; ma=2592000,h3-Q046=\":443\"; ma=2592000,h3-Q043=\":443\"; ma=2592000,quic=\":443\"; ma=2592000; v=\"46,43\"","accept-ranges":"none","transfer-encoding":"chunked"}
[info] i  hosting[slack-clone-f7d82]: beginning deploy... 
[info] i  hosting[slack-clone-f7d82]: found 18 files in build 
[debug] [2021-04-01T00:56:26.476Z] > refreshing access token with scopes: []
[debug] [2021-04-01T00:56:26.476Z] >>> HTTP REQUEST POST https://www.googleapis.com/oauth2/v3/token  
 <request body omitted>
[debug] [2021-04-01T00:56:26.478Z] [hosting] hash cache [YnVpbGQ] stored for 18 files
[debug] [2021-04-01T00:56:26.479Z] [hosting][hash queue][FINAL] {"max":1425,"min":26,"avg":114.33333333333333,"active":0,"complete":18,"success":18,"errored":0,"retried":0,"total":18,"elapsed":1437}
[debug] [2021-04-01T00:56:26.599Z] <<< HTTP RESPONSE 200 {"expires":"Mon, 01 Jan 1990 00:00:00 GMT","pragma":"no-cache","cache-control":"no-cache, no-store, max-age=0, must-revalidate","date":"Thu, 01 Apr 2021 00:56:26 GMT","content-type":"application/json; charset=utf-8","vary":"X-Origin, Referer, Origin,Accept-Encoding","server":"scaffolding on HTTPServer2","x-xss-protection":"0","x-frame-options":"SAMEORIGIN","x-content-type-options":"nosniff","alt-svc":"h3-29=\":443\"; ma=2592000,h3-T051=\":443\"; ma=2592000,h3-Q050=\":443\"; ma=2592000,h3-Q046=\":443\"; ma=2592000,h3-Q043=\":443\"; ma=2592000,quic=\":443\"; ma=2592000; v=\"46,43\"","accept-ranges":"none","transfer-encoding":"chunked"}
[debug] [2021-04-01T00:56:26.620Z] >>> [apiv2][query] POST https://firebasehosting.googleapis.com/v1beta1/sites/slack-clone-f7d82/versions/66263944e303be83:populateFiles [none]
[debug] [2021-04-01T00:56:26.620Z] >>> [apiv2][body] POST https://firebasehosting.googleapis.com/v1beta1/sites/slack-clone-f7d82/versions/66263944e303be83:populateFiles {"files":{"/asset-manifest.json":"c16fae692c8c361069513cdbd72188f24594dc0c89f9f007f79bdb23e0d5d0a1","/index.html":"6ca90d839cbda06cb3ad91412b9b3af00018121b911ef52b159463b78c6daff7","/favicon.ico":"c81fe46aa56ff717146af829dfdd7b9caa5caf51a1d8e65f6843335dec38c2f9","/manifest.json":"12e470490c6ebfbf56d83732c966afd4e3c97c07bf1cacc0d199d764e9b31140","/robots.txt":"76d5ae5205c1cb99f47ac207e9bef43fc50d8c6e0dab8ba3b30e98d9ebe6dc10","/logo192.png":"b6d536a4ad34ade7f3e29832862aa72cf87c179a3c93752fc9097b31ae9e39ff","/logo512.png":"95c6c19d1765afb5e489883a64de60caa980aa45c129eae52568585d660be15a","/static/css/main.0f4a33c5.chunk.css.map":"a2b2773cab3749962ca4dff2889f053be35e04645d21e7296845ae9e40b0f09c","/static/css/main.0f4a33c5.chunk.css":"ca5154681dd547ad32f9705839ab2a88e239c146f2b783e33c24815f47786e99","/static/css/2.fbb149ea.chunk.css":"c076345a6a17d2419dcb18561ea5232fa3d765c202ed06badad362029658041e","/static/js/2.df2165a1.chunk.js.LICENSE.txt":"ddb2790af4b3868c3338e50505eedc3fc1c9d551f5e3dad1884849a26da8fec1","/static/js/runtime-main.1ea6344f.js":"958955c8e62cc69c6ad3a04b0ddb674bb4e5ab6037f2cdade1a171db1343e636","/static/js/main.3e12fd90.chunk.js":"cfd30cc8cf1ca577e7aea2273c520371299a3435653aa074dd0bd438bc7d5c45","/static/js/runtime-main.1ea6344f.js.map":"824dc79508206c01ec418f0bedb8efc76312eed76b10ed2e886a58d3e65ed19b","/static/js/main.3e12fd90.chunk.js.map":"4f047c8b4844bbbf267b87d222b13a05dcb88a4a82371c9aacbab79752bc8522","/static/css/2.fbb149ea.chunk.css.map":"84867cef8f06b4bed0fb2ffda4e263009df26d307ccc892d3a12e2e5c82ef6c2","/static/js/2.df2165a1.chunk.js":"6bc5b29d6f1af710f25720f9aaf9b72443842c5740ef1ed6cb080e1736c62753","/static/js/2.df2165a1.chunk.js.map":"6395b3d9b29dea1c05e0eb92239ee96b98e7d155d4eabf349841124e43228ee1"}}
[debug] [2021-04-01T00:56:27.252Z] <<< [apiv2][status] POST https://firebasehosting.googleapis.com/v1beta1/sites/slack-clone-f7d82/versions/66263944e303be83:populateFiles 200
[debug] [2021-04-01T00:56:27.253Z] <<< [apiv2][body] POST https://firebasehosting.googleapis.com/v1beta1/sites/slack-clone-f7d82/versions/66263944e303be83:populateFiles {"uploadRequiredHashes":["a2b2773cab3749962ca4dff2889f053be35e04645d21e7296845ae9e40b0f09c","ca5154681dd547ad32f9705839ab2a88e239c146f2b783e33c24815f47786e99","c076345a6a17d2419dcb18561ea5232fa3d765c202ed06badad362029658041e","cfd30cc8cf1ca577e7aea2273c520371299a3435653aa074dd0bd438bc7d5c45","c16fae692c8c361069513cdbd72188f24594dc0c89f9f007f79bdb23e0d5d0a1","6bc5b29d6f1af710f25720f9aaf9b72443842c5740ef1ed6cb080e1736c62753","ddb2790af4b3868c3338e50505eedc3fc1c9d551f5e3dad1884849a26da8fec1","4f047c8b4844bbbf267b87d222b13a05dcb88a4a82371c9aacbab79752bc8522","6ca90d839cbda06cb3ad91412b9b3af00018121b911ef52b159463b78c6daff7","84867cef8f06b4bed0fb2ffda4e263009df26d307ccc892d3a12e2e5c82ef6c2","6395b3d9b29dea1c05e0eb92239ee96b98e7d155d4eabf349841124e43228ee1"],"uploadUrl":"https://upload-firebasehosting.googleapis.com/upload/sites/slack-clone-f7d82/versions/66263944e303be83/files"}
[debug] [2021-04-01T00:56:27.257Z] >>> [apiv2][query] POST https://upload-firebasehosting.googleapis.com/upload/sites/slack-clone-f7d82/versions/66263944e303be83/files/a2b2773cab3749962ca4dff2889f053be35e04645d21e7296845ae9e40b0f09c [none]
[debug] [2021-04-01T00:56:27.257Z] >>> [apiv2][body] POST https://upload-firebasehosting.googleapis.com/upload/sites/slack-clone-f7d82/versions/66263944e303be83/files/a2b2773cab3749962ca4dff2889f053be35e04645d21e7296845ae9e40b0f09c [stream]
[debug] [2021-04-01T00:56:27.259Z] >>> [apiv2][query] POST https://upload-firebasehosting.googleapis.com/upload/sites/slack-clone-f7d82/versions/66263944e303be83/files/ca5154681dd547ad32f9705839ab2a88e239c146f2b783e33c24815f47786e99 [none]
[debug] [2021-04-01T00:56:27.259Z] >>> [apiv2][body] POST https://upload-firebasehosting.googleapis.com/upload/sites/slack-clone-f7d82/versions/66263944e303be83/files/ca5154681dd547ad32f9705839ab2a88e239c146f2b783e33c24815f47786e99 [stream]
[debug] [2021-04-01T00:56:27.261Z] >>> [apiv2][query] POST https://upload-firebasehosting.googleapis.com/upload/sites/slack-clone-f7d82/versions/66263944e303be83/files/c076345a6a17d2419dcb18561ea5232fa3d765c202ed06badad362029658041e [none]
[debug] [2021-04-01T00:56:27.261Z] >>> [apiv2][body] POST https://upload-firebasehosting.googleapis.com/upload/sites/slack-clone-f7d82/versions/66263944e303be83/files/c076345a6a17d2419dcb18561ea5232fa3d765c202ed06badad362029658041e [stream]
[debug] [2021-04-01T00:56:27.263Z] >>> [apiv2][query] POST https://upload-firebasehosting.googleapis.com/upload/sites/slack-clone-f7d82/versions/66263944e303be83/files/cfd30cc8cf1ca577e7aea2273c520371299a3435653aa074dd0bd438bc7d5c45 [none]
[debug] [2021-04-01T00:56:27.263Z] >>> [apiv2][body] POST https://upload-firebasehosting.googleapis.com/upload/sites/slack-clone-f7d82/versions/66263944e303be83/files/cfd30cc8cf1ca577e7aea2273c520371299a3435653aa074dd0bd438bc7d5c45 [stream]
[debug] [2021-04-01T00:56:27.264Z] >>> [apiv2][query] POST https://upload-firebasehosting.googleapis.com/upload/sites/slack-clone-f7d82/versions/66263944e303be83/files/c16fae692c8c361069513cdbd72188f24594dc0c89f9f007f79bdb23e0d5d0a1 [none]
[debug] [2021-04-01T00:56:27.264Z] >>> [apiv2][body] POST https://upload-firebasehosting.googleapis.com/upload/sites/slack-clone-f7d82/versions/66263944e303be83/files/c16fae692c8c361069513cdbd72188f24594dc0c89f9f007f79bdb23e0d5d0a1 [stream]
[debug] [2021-04-01T00:56:27.265Z] >>> [apiv2][query] POST https://upload-firebasehosting.googleapis.com/upload/sites/slack-clone-f7d82/versions/66263944e303be83/files/6bc5b29d6f1af710f25720f9aaf9b72443842c5740ef1ed6cb080e1736c62753 [none]
[debug] [2021-04-01T00:56:27.265Z] >>> [apiv2][body] POST https://upload-firebasehosting.googleapis.com/upload/sites/slack-clone-f7d82/versions/66263944e303be83/files/6bc5b29d6f1af710f25720f9aaf9b72443842c5740ef1ed6cb080e1736c62753 [stream]
[debug] [2021-04-01T00:56:27.267Z] >>> [apiv2][query] POST https://upload-firebasehosting.googleapis.com/upload/sites/slack-clone-f7d82/versions/66263944e303be83/files/ddb2790af4b3868c3338e50505eedc3fc1c9d551f5e3dad1884849a26da8fec1 [none]
[debug] [2021-04-01T00:56:27.267Z] >>> [apiv2][body] POST https://upload-firebasehosting.googleapis.com/upload/sites/slack-clone-f7d82/versions/66263944e303be83/files/ddb2790af4b3868c3338e50505eedc3fc1c9d551f5e3dad1884849a26da8fec1 [stream]
[debug] [2021-04-01T00:56:27.268Z] >>> [apiv2][query] POST https://upload-firebasehosting.googleapis.com/upload/sites/slack-clone-f7d82/versions/66263944e303be83/files/4f047c8b4844bbbf267b87d222b13a05dcb88a4a82371c9aacbab79752bc8522 [none]
[debug] [2021-04-01T00:56:27.268Z] >>> [apiv2][body] POST https://upload-firebasehosting.googleapis.com/upload/sites/slack-clone-f7d82/versions/66263944e303be83/files/4f047c8b4844bbbf267b87d222b13a05dcb88a4a82371c9aacbab79752bc8522 [stream]
[debug] [2021-04-01T00:56:27.273Z] >>> [apiv2][query] POST https://upload-firebasehosting.googleapis.com/upload/sites/slack-clone-f7d82/versions/66263944e303be83/files/6ca90d839cbda06cb3ad91412b9b3af00018121b911ef52b159463b78c6daff7 [none]
[debug] [2021-04-01T00:56:27.273Z] >>> [apiv2][body] POST https://upload-firebasehosting.googleapis.com/upload/sites/slack-clone-f7d82/versions/66263944e303be83/files/6ca90d839cbda06cb3ad91412b9b3af00018121b911ef52b159463b78c6daff7 [stream]
[debug] [2021-04-01T00:56:27.275Z] >>> [apiv2][query] POST https://upload-firebasehosting.googleapis.com/upload/sites/slack-clone-f7d82/versions/66263944e303be83/files/84867cef8f06b4bed0fb2ffda4e263009df26d307ccc892d3a12e2e5c82ef6c2 [none]
[debug] [2021-04-01T00:56:27.275Z] >>> [apiv2][body] POST https://upload-firebasehosting.googleapis.com/upload/sites/slack-clone-f7d82/versions/66263944e303be83/files/84867cef8f06b4bed0fb2ffda4e263009df26d307ccc892d3a12e2e5c82ef6c2 [stream]
[debug] [2021-04-01T00:56:27.276Z] >>> [apiv2][query] POST https://upload-firebasehosting.googleapis.com/upload/sites/slack-clone-f7d82/versions/66263944e303be83/files/6395b3d9b29dea1c05e0eb92239ee96b98e7d155d4eabf349841124e43228ee1 [none]
[debug] [2021-04-01T00:56:27.277Z] >>> [apiv2][body] POST https://upload-firebasehosting.googleapis.com/upload/sites/slack-clone-f7d82/versions/66263944e303be83/files/6395b3d9b29dea1c05e0eb92239ee96b98e7d155d4eabf349841124e43228ee1 [stream]
[debug] [2021-04-01T00:56:27.278Z] [hosting][populate queue][FINAL] {"max":782,"min":782,"avg":782,"active":0,"complete":1,"success":1,"errored":0,"retried":0,"total":1,"elapsed":803}
[debug] [2021-04-01T00:56:27.279Z] [hosting] uploads queued: 11
[debug] [2021-04-01T00:56:28.248Z] <<< [apiv2][status] POST https://upload-firebasehosting.googleapis.com/upload/sites/slack-clone-f7d82/versions/66263944e303be83/files/cfd30cc8cf1ca577e7aea2273c520371299a3435653aa074dd0bd438bc7d5c45 200
[debug] [2021-04-01T00:56:28.249Z] <<< [apiv2][body] POST https://upload-firebasehosting.googleapis.com/upload/sites/slack-clone-f7d82/versions/66263944e303be83/files/cfd30cc8cf1ca577e7aea2273c520371299a3435653aa074dd0bd438bc7d5c45 [stream]
[debug] [2021-04-01T00:56:28.250Z] <<< [apiv2][status] POST https://upload-firebasehosting.googleapis.com/upload/sites/slack-clone-f7d82/versions/66263944e303be83/files/6ca90d839cbda06cb3ad91412b9b3af00018121b911ef52b159463b78c6daff7 200
[debug] [2021-04-01T00:56:28.250Z] <<< [apiv2][body] POST https://upload-firebasehosting.googleapis.com/upload/sites/slack-clone-f7d82/versions/66263944e303be83/files/6ca90d839cbda06cb3ad91412b9b3af00018121b911ef52b159463b78c6daff7 [stream]
[debug] [2021-04-01T00:56:28.429Z] <<< [apiv2][status] POST https://upload-firebasehosting.googleapis.com/upload/sites/slack-clone-f7d82/versions/66263944e303be83/files/4f047c8b4844bbbf267b87d222b13a05dcb88a4a82371c9aacbab79752bc8522 200
[debug] [2021-04-01T00:56:28.429Z] <<< [apiv2][body] POST https://upload-firebasehosting.googleapis.com/upload/sites/slack-clone-f7d82/versions/66263944e303be83/files/4f047c8b4844bbbf267b87d222b13a05dcb88a4a82371c9aacbab79752bc8522 [stream]
[debug] [2021-04-01T00:56:28.431Z] <<< [apiv2][status] POST https://upload-firebasehosting.googleapis.com/upload/sites/slack-clone-f7d82/versions/66263944e303be83/files/c16fae692c8c361069513cdbd72188f24594dc0c89f9f007f79bdb23e0d5d0a1 200
[debug] [2021-04-01T00:56:28.433Z] <<< [apiv2][body] POST https://upload-firebasehosting.googleapis.com/upload/sites/slack-clone-f7d82/versions/66263944e303be83/files/c16fae692c8c361069513cdbd72188f24594dc0c89f9f007f79bdb23e0d5d0a1 [stream]
[debug] [2021-04-01T00:56:28.435Z] <<< [apiv2][status] POST https://upload-firebasehosting.googleapis.com/upload/sites/slack-clone-f7d82/versions/66263944e303be83/files/84867cef8f06b4bed0fb2ffda4e263009df26d307ccc892d3a12e2e5c82ef6c2 200
[debug] [2021-04-01T00:56:28.435Z] <<< [apiv2][body] POST https://upload-firebasehosting.googleapis.com/upload/sites/slack-clone-f7d82/versions/66263944e303be83/files/84867cef8f06b4bed0fb2ffda4e263009df26d307ccc892d3a12e2e5c82ef6c2 [stream]
[debug] [2021-04-01T00:56:28.448Z] <<< [apiv2][status] POST https://upload-firebasehosting.googleapis.com/upload/sites/slack-clone-f7d82/versions/66263944e303be83/files/ddb2790af4b3868c3338e50505eedc3fc1c9d551f5e3dad1884849a26da8fec1 200
[debug] [2021-04-01T00:56:28.448Z] <<< [apiv2][body] POST https://upload-firebasehosting.googleapis.com/upload/sites/slack-clone-f7d82/versions/66263944e303be83/files/ddb2790af4b3868c3338e50505eedc3fc1c9d551f5e3dad1884849a26da8fec1 [stream]
[debug] [2021-04-01T00:56:28.449Z] <<< [apiv2][status] POST https://upload-firebasehosting.googleapis.com/upload/sites/slack-clone-f7d82/versions/66263944e303be83/files/c076345a6a17d2419dcb18561ea5232fa3d765c202ed06badad362029658041e 200
[debug] [2021-04-01T00:56:28.449Z] <<< [apiv2][body] POST https://upload-firebasehosting.googleapis.com/upload/sites/slack-clone-f7d82/versions/66263944e303be83/files/c076345a6a17d2419dcb18561ea5232fa3d765c202ed06badad362029658041e [stream]
[debug] [2021-04-01T00:56:28.615Z] <<< [apiv2][status] POST https://upload-firebasehosting.googleapis.com/upload/sites/slack-clone-f7d82/versions/66263944e303be83/files/ca5154681dd547ad32f9705839ab2a88e239c146f2b783e33c24815f47786e99 200
[debug] [2021-04-01T00:56:28.615Z] <<< [apiv2][body] POST https://upload-firebasehosting.googleapis.com/upload/sites/slack-clone-f7d82/versions/66263944e303be83/files/ca5154681dd547ad32f9705839ab2a88e239c146f2b783e33c24815f47786e99 [stream]
[debug] [2021-04-01T00:56:28.646Z] <<< [apiv2][status] POST https://upload-firebasehosting.googleapis.com/upload/sites/slack-clone-f7d82/versions/66263944e303be83/files/a2b2773cab3749962ca4dff2889f053be35e04645d21e7296845ae9e40b0f09c 200
[debug] [2021-04-01T00:56:28.646Z] <<< [apiv2][body] POST https://upload-firebasehosting.googleapis.com/upload/sites/slack-clone-f7d82/versions/66263944e303be83/files/a2b2773cab3749962ca4dff2889f053be35e04645d21e7296845ae9e40b0f09c [stream]
[debug] [2021-04-01T00:56:28.786Z] <<< [apiv2][status] POST https://upload-firebasehosting.googleapis.com/upload/sites/slack-clone-f7d82/versions/66263944e303be83/files/6bc5b29d6f1af710f25720f9aaf9b72443842c5740ef1ed6cb080e1736c62753 200
[debug] [2021-04-01T00:56:28.786Z] <<< [apiv2][body] POST https://upload-firebasehosting.googleapis.com/upload/sites/slack-clone-f7d82/versions/66263944e303be83/files/6bc5b29d6f1af710f25720f9aaf9b72443842c5740ef1ed6cb080e1736c62753 [stream]
[debug] [2021-04-01T00:56:29.824Z] <<< [apiv2][status] POST https://upload-firebasehosting.googleapis.com/upload/sites/slack-clone-f7d82/versions/66263944e303be83/files/6395b3d9b29dea1c05e0eb92239ee96b98e7d155d4eabf349841124e43228ee1 200
[debug] [2021-04-01T00:56:29.824Z] <<< [apiv2][body] POST https://upload-firebasehosting.googleapis.com/upload/sites/slack-clone-f7d82/versions/66263944e303be83/files/6395b3d9b29dea1c05e0eb92239ee96b98e7d155d4eabf349841124e43228ee1 [stream]
[debug] [2021-04-01T00:56:29.824Z] [hosting][upload queue][FINAL] {"max":2567,"min":994,"avg":1341.6363636363637,"active":0,"complete":11,"success":11,"errored":0,"retried":0,"total":11,"elapsed":2571}
[info] ✔  hosting[slack-clone-f7d82]: file upload complete 
[debug] [2021-04-01T00:56:29.825Z] [hosting] deploy completed after 4803ms
[debug] [2021-04-01T00:56:30.139Z] [
  {
    "config": {
      "public": "build",
      "ignore": [
        "firebase.json",
        "**/.*",
        "**/node_modules/**"
      ],
      "site": "slack-clone-f7d82"
    },
    "site": "slack-clone-f7d82",
    "version": "sites/slack-clone-f7d82/versions/66263944e303be83"
  }
]
[info] i  hosting[slack-clone-f7d82]: finalizing version... 
[debug] [2021-04-01T00:56:30.139Z] > refreshing access token with scopes: ["email","https://www.googleapis.com/auth/cloud-platform","https://www.googleapis.com/auth/cloudplatformprojects.readonly","https://www.googleapis.com/auth/firebase","openid"]
[debug] [2021-04-01T00:56:30.140Z] >>> HTTP REQUEST POST https://www.googleapis.com/oauth2/v3/token  
 <request body omitted>
[debug] [2021-04-01T00:56:30.496Z] <<< HTTP RESPONSE 200 {"cache-control":"no-cache, no-store, max-age=0, must-revalidate","pragma":"no-cache","expires":"Mon, 01 Jan 1990 00:00:00 GMT","date":"Thu, 01 Apr 2021 00:56:30 GMT","content-type":"application/json; charset=utf-8","vary":"X-Origin, Referer, Origin,Accept-Encoding","server":"scaffolding on HTTPServer2","x-xss-protection":"0","x-frame-options":"SAMEORIGIN","x-content-type-options":"nosniff","alt-svc":"h3-29=\":443\"; ma=2592000,h3-T051=\":443\"; ma=2592000,h3-Q050=\":443\"; ma=2592000,h3-Q046=\":443\"; ma=2592000,h3-Q043=\":443\"; ma=2592000,quic=\":443\"; ma=2592000; v=\"46,43\"","accept-ranges":"none","transfer-encoding":"chunked"}
[debug] [2021-04-01T00:56:30.517Z] >>> HTTP REQUEST PATCH https://firebasehosting.googleapis.com/v1beta1/sites/slack-clone-f7d82/versions/66263944e303be83?updateMask=status  
 {"status":"FINALIZED"}
